<?xml version="1.0" encoding="UTF-8"?>
<testng-results ignored="0" total="1" passed="1" failed="0" skipped="0">
  <reporter-output>
  </reporter-output>
  <suite started-at="2024-03-06T12:58:25 IST" name="Default suite" finished-at="2024-03-06T12:58:25 IST" duration-ms="99">
    <groups>
    </groups>
    <test started-at="2024-03-06T12:58:25 IST" name="Default test" finished-at="2024-03-06T12:58:25 IST" duration-ms="99">
      <class name="mavenproject.demoTest">
        <test-method signature="sample3()[pri:0, instance:mavenproject.demoTest@4c1909a3]" started-at="2024-03-06T12:58:25 IST" name="sample3" finished-at="2024-03-06T12:58:25 IST" duration-ms="15" status="PASS">
          <reporter-output>
          </reporter-output>
        </test-method> <!-- sample3 -->
      </class> <!-- mavenproject.demoTest -->
    </test> <!-- Default test -->
  </suite> <!-- Default suite -->
</testng-results>
